app/build/outputs/logs/manifest-merger-debug-report.txt
-- Merging decision tree log ---
manifest
ADDED from src\main\AndroidManifest.xml:2:1-122:12
	package
		ADDED from src\main\AndroidManifest.xml:4:5-36
		INJECTED from src\main\AndroidManifest.xml
		INJECTED from src\main\AndroidManifest.xml
	android:versionName
		INJECTED from src\main\AndroidManifest.xml
		INJECTED from src\main\AndroidManifest.xml
	xmlns:tools
		ADDED from src\main\AndroidManifest.xml:3:5-51
	xmlns:android
		ADDED from src\main\AndroidManifest.xml:2:11-69
	android:versionCode
		INJECTED from src\main\AndroidManifest.xml
		INJECTED from src\main\AndroidManifest.xml
uses-permission#android.permission.SYSTEM_ALERT_WINDOW
ADDED from src\main\AndroidManifest.xml:5:5-78
	android:name
		ADDED from src\main\AndroidManifest.xml:5:22-75
uses-permission#android.permission.ACCESS_COARSE_LOCATION
ADDED from src\main\AndroidManifest.xml:8:5-81
	android:name
		ADDED from src\main\AndroidManifest.xml:8:22-78
uses-permission#android.permission.ACCESS_FINE_LOCATION
ADDED from src\main\AndroidManifest.xml:10:5-79
	android:name
		ADDED from src\main\AndroidManifest.xml:10:22-76
uses-permission#android.permission.CHANGE_WIFI_STATE
ADDED from src\main\AndroidManifest.xml:14:5-76
	android:name
		ADDED from src\main\AndroidManifest.xml:14:22-73
uses-permission#android.permission.ACCESS_LOCATION_EXTRA_COMMANDS
ADDED from src\main\AndroidManifest.xml:15:5-89
	android:name
		ADDED from src\main\AndroidManifest.xml:15:22-86
uses-permission#android.permission.CHANGE_CONFIGURATION
ADDED from src\main\AndroidManifest.xml:16:5-79
	android:name
		ADDED from src\main\AndroidManifest.xml:16:22-76
uses-permission#android.permission.WRITE_SETTINGS
ADDED from src\main\AndroidManifest.xml:17:5-73
	android:name
		ADDED from src\main\AndroidManifest.xml:17:22-70
uses-permission#android.permission.INTERNET
ADDED from src\main\AndroidManifest.xml:19:5-67
MERGED from [com.lzy.widget:ninegridview:0.2.1] AndroidManifest.xml:11:5-67
MERGED from [HomeSport:okgo:unspecified] AndroidManifest.xml:11:5-67
MERGED from [HomeSport:YunWangVideoSDK:unspecified] AndroidManifest.xml:22:5-67
	android:name
		ADDED from src\main\AndroidManifest.xml:19:22-64
uses-permission#android.permission.READ_PHONE_STATE
ADDED from src\main\AndroidManifest.xml:21:5-75
MERGED from [HomeSport:YunWangVideoSDK:unspecified] AndroidManifest.xml:15:5-75
	android:name
		ADDED from src\main\AndroidManifest.xml:21:22-72
uses-permission#android.permission.WRITE_EXTERNAL_STORAGE
ADDED from src\main\AndroidManifest.xml:23:5-81
MERGED from [com.lzy.widget:ninegridview:0.2.1] AndroidManifest.xml:12:5-81
MERGED from [HomeSport:okgo:unspecified] AndroidManifest.xml:13:5-81
MERGED from [HomeSport:imagepicker:unspecified] AndroidManifest.xml:14:5-81
MERGED from [HomeSport:YunWangVideoSDK:unspecified] AndroidManifest.xml:16:5-81
	android:name
		ADDED from src\main\AndroidManifest.xml:23:22-78
uses-permission#android.permission.READ_EXTERNAL_STORAGE
ADDED from src\main\AndroidManifest.xml:24:5-80
MERGED from [com.lzy.widget:ninegridview:0.2.1] AndroidManifest.xml:13:5-80
MERGED from [HomeSport:okgo:unspecified] AndroidManifest.xml:12:5-80
MERGED from [HomeSport:imagepicker:unspecified] AndroidManifest.xml:16:5-80
MERGED from [HomeSport:YunWangVideoSDK:unspecified] AndroidManifest.xml:24:5-80
	android:name
		ADDED from src\main\AndroidManifest.xml:24:22-77
uses-permission#android.permission.CAMERA
ADDED from src\main\AndroidManifest.xml:27:5-65
MERGED from [HomeSport:imagepicker:unspecified] AndroidManifest.xml:18:5-65
MERGED from [HomeSport:YunWangVideoSDK:unspecified] AndroidManifest.xml:17:5-65
	android:name
		ADDED from src\main\AndroidManifest.xml:27:22-62
uses-permission#android.permission.RECORD_AUDIO
ADDED from src\main\AndroidManifest.xml:28:5-71
MERGED from [HomeSport:YunWangVideoSDK:unspecified] AndroidManifest.xml:19:5-71
	android:name
		ADDED from src\main\AndroidManifest.xml:28:22-68
uses-permission#android.permission.WAKE_LOCK
ADDED from src\main\AndroidManifest.xml:29:5-68
MERGED from [HomeSport:YunWangVideoSDK:unspecified] AndroidManifest.xml:21:5-68
	android:name
		ADDED from src\main\AndroidManifest.xml:29:22-65
uses-permission#android.permission.ACCESS_WIFI_STATE
ADDED from src\main\AndroidManifest.xml:30:5-76
	android:name
		ADDED from src\main\AndroidManifest.xml:30:22-73
uses-permission#android.permission.ACCESS_NETWORK_STATE
ADDED from src\main\AndroidManifest.xml:31:5-79
MERGED from [HomeSport:YunWangVideoSDK:unspecified] AndroidManifest.xml:23:5-79
	android:name
		ADDED from src\main\AndroidManifest.xml:31:22-76
uses-permission#android.permission.MOUNT_UNMOUNT_FILESYSTEMS
ADDED from src\main\AndroidManifest.xml:32:5-84
MERGED from [HomeSport:okgo:unspecified] AndroidManifest.xml:14:5-84
MERGED from [HomeSport:imagepicker:unspecified] AndroidManifest.xml:12:5-84
	android:name
		ADDED from src\main\AndroidManifest.xml:32:22-81
application
ADDED from src\main\AndroidManifest.xml:34:5-120:19
MERGED from [com.android.support:design:24.2.1] AndroidManifest.xml:22:5-20
MERGED from [com.android.support:cardview-v7:24.2.1] AndroidManifest.xml:22:5-20
MERGED from [com.lzy.widget:ninegridview:0.2.1] AndroidManifest.xml:15:5-19:19
MERGED from [com.w4lle.library:NineLayout:1.0.0] AndroidManifest.xml:11:5-14:19
MERGED from [de.hdodenhof:circleimageview:2.0.0] AndroidManifest.xml:9:5-20
MERGED from [com.github.CymChad:BaseRecyclerViewAdapterHelper:v2.0.7] AndroidManifest.xml:11:5-14:19
MERGED from [HomeSport:imagepicker:unspecified] AndroidManifest.xml:20:5-35:19
MERGED from [com.linsea:universalvideoview:1.1.0] AndroidManifest.xml:11:5-12:19
MERGED from [HomeSport:Addresslibrary:unspecified] AndroidManifest.xml:11:5-14:19
MERGED from [com.github.chihane:AndroidUtils:1.0.10] AndroidManifest.xml:11:5-14:19
MERGED from [com.github.Raizlabs.DBFlow:dbflow:3.0.0-beta6] AndroidManifest.xml:11:5-20
MERGED from [com.google.android.gms:play-services-appindexing:8.4.0] AndroidManifest.xml:19:5-20
MERGED from [com.google.android.gms:play-services-basement:8.4.0] AndroidManifest.xml:20:5-24:19
MERGED from [HomeSport:YunWangVideoSDK:unspecified] AndroidManifest.xml:26:5-104:19
MERGED from [HomeSport:image_zoom_drag_vp:unspecified] AndroidManifest.xml:11:5-18:19
MERGED from [com.android.support:appcompat-v7:24.2.1] AndroidManifest.xml:25:5-20
MERGED from [com.android.support:animated-vector-drawable:24.2.1] AndroidManifest.xml:22:5-20
MERGED from [com.android.support:support-vector-drawable:24.2.1] AndroidManifest.xml:23:5-20
MERGED from [com.android.support:support-v4:24.2.1] AndroidManifest.xml:25:5-20
MERGED from [com.android.support:support-fragment:24.2.1] AndroidManifest.xml:25:5-20
MERGED from [com.android.support:support-media-compat:24.2.1] AndroidManifest.xml:25:5-20
MERGED from [com.android.support:support-core-ui:24.2.1] AndroidManifest.xml:25:5-20
MERGED from [com.android.support:support-core-utils:24.2.1] AndroidManifest.xml:25:5-20
MERGED from [com.android.support:support-compat:24.2.1] AndroidManifest.xml:25:5-20
	android:label
		ADDED from src\main\AndroidManifest.xml:39:9-41
		REJECTED from [com.w4lle.library:NineLayout:1.0.0] AndroidManifest.xml:13:9-41
		REJECTED from [com.github.CymChad:BaseRecyclerViewAdapterHelper:v2.0.7] AndroidManifest.xml:13:9-41
		REJECTED from [com.github.chihane:AndroidUtils:1.0.10] AndroidManifest.xml:13:9-41
		REJECTED from [HomeSport:image_zoom_drag_vp:unspecified] AndroidManifest.xml:12:9-41
	android:supportsRtl
		ADDED from src\main\AndroidManifest.xml:40:9-35
		REJECTED from [HomeSport:Addresslibrary:unspecified] AndroidManifest.xml:13:9-35
		REJECTED from [HomeSport:image_zoom_drag_vp:unspecified] AndroidManifest.xml:13:9-35
	android:allowBackup
		ADDED from src\main\AndroidManifest.xml:36:9-35
		REJECTED from [com.w4lle.library:NineLayout:1.0.0] AndroidManifest.xml:12:9-35
		REJECTED from [com.github.CymChad:BaseRecyclerViewAdapterHelper:v2.0.7] AndroidManifest.xml:12:9-35
		REJECTED from [com.linsea:universalvideoview:1.1.0] AndroidManifest.xml:11:18-44
		REJECTED from [HomeSport:Addresslibrary:unspecified] AndroidManifest.xml:12:9-35
		REJECTED from [com.github.chihane:AndroidUtils:1.0.10] AndroidManifest.xml:12:9-35
		REJECTED from [HomeSport:YunWangVideoSDK:unspecified] AndroidManifest.xml:28:9-36
	android:anyDensity
		ADDED from src\main\AndroidManifest.xml:37:9-34
	android:icon
		ADDED from src\main\AndroidManifest.xml:38:9-40
	android:theme
		ADDED from src\main\AndroidManifest.xml:41:9-40
	tools:replace
		ADDED from src\main\AndroidManifest.xml:42:9-137
	android:name
		ADDED from src\main\AndroidManifest.xml:35:9-28
		REJECTED from [HomeSport:YunWangVideoSDK:unspecified] AndroidManifest.xml:27:9-58
meta-data#com.amap.api.v2.apikey
ADDED from src\main\AndroidManifest.xml:45:9-47:64
	android:value
		ADDED from src\main\AndroidManifest.xml:47:13-61
	android:name
		ADDED from src\main\AndroidManifest.xml:46:13-50
service#com.amap.api.location.APSService
ADDED from src\main\AndroidManifest.xml:50:9-68
	android:name
		ADDED from src\main\AndroidManifest.xml:50:18-65
activity#com.tiyujia.homesport.BootLoaderActivity
ADDED from src\main\AndroidManifest.xml:52:9-60:20
	android:theme
		ADDED from src\main\AndroidManifest.xml:54:13-44
	android:name
		ADDED from src\main\AndroidManifest.xml:53:13-47
intent-filter#android.intent.action.MAIN+android.intent.category.LAUNCHER
ADDED from src\main\AndroidManifest.xml:55:13-59:29
action#android.intent.action.MAIN
ADDED from src\main\AndroidManifest.xml:56:17-69
	android:name
		ADDED from src\main\AndroidManifest.xml:56:25-66
category#android.intent.category.LAUNCHER
ADDED from src\main\AndroidManifest.xml:58:17-77
	android:name
		ADDED from src\main\AndroidManifest.xml:58:27-74
activity#com.tiyujia.homesport.HomeActivity
ADDED from src\main\AndroidManifest.xml:61:9-50
	android:name
		ADDED from src\main\AndroidManifest.xml:61:19-47
activity#com.tiyujia.homesport.common.personal.activity.PersonalSystemSetting
ADDED from src\main\AndroidManifest.xml:62:9-84
	android:name
		ADDED from src\main\AndroidManifest.xml:62:19-81
activity#com.tiyujia.homesport.common.personal.activity.PersonalSetInfo
ADDED from src\main\AndroidManifest.xml:63:9-78
	android:name
		ADDED from src\main\AndroidManifest.xml:63:19-75
activity#com.tiyujia.homesport.common.personal.activity.PersonalFeedback
ADDED from src\main\AndroidManifest.xml:64:9-79
	android:name
		ADDED from src\main\AndroidManifest.xml:64:19-76
activity#com.tiyujia.homesport.common.personal.activity.PersonalActive
ADDED from src\main\AndroidManifest.xml:65:9-77
	android:name
		ADDED from src\main\AndroidManifest.xml:65:19-74
activity#com.tiyujia.homesport.common.personal.activity.PersonalDynamic
ADDED from src\main\AndroidManifest.xml:66:9-78
	android:name
		ADDED from src\main\AndroidManifest.xml:66:19-75
activity#com.tiyujia.homesport.common.personal.activity.PersonalEquipmentShow
ADDED from src\main\AndroidManifest.xml:67:9-84
	android:name
		ADDED from src\main\AndroidManifest.xml:67:19-81
activity#com.tiyujia.homesport.common.personal.activity.PersonalAttention
ADDED from src\main\AndroidManifest.xml:68:9-80
	android:name
		ADDED from src\main\AndroidManifest.xml:68:19-77
activity#com.tiyujia.homesport.common.personal.activity.PersonalFans
ADDED from src\main\AndroidManifest.xml:69:9-75
	android:name
		ADDED from src\main\AndroidManifest.xml:69:19-72
activity#com.tiyujia.homesport.common.personal.activity.PersonalAbout
ADDED from src\main\AndroidManifest.xml:70:9-76
	android:name
		ADDED from src\main\AndroidManifest.xml:70:19-73
activity#com.tiyujia.homesport.common.personal.activity.PersonalPanyanGold
ADDED from src\main\AndroidManifest.xml:71:9-81
	android:name
		ADDED from src\main\AndroidManifest.xml:71:19-78
activity#com.tiyujia.homesport.common.personal.activity.PersonalPanyanGoldInfo
ADDED from src\main\AndroidManifest.xml:72:9-85
	android:name
		ADDED from src\main\AndroidManifest.xml:72:19-82
activity#com.tiyujia.homesport.common.personal.activity.PersonalPanyanGoldRecord
ADDED from src\main\AndroidManifest.xml:73:9-87
	android:name
		ADDED from src\main\AndroidManifest.xml:73:19-84
activity#com.tiyujia.homesport.common.personal.activity.ProtocolAcitvity
ADDED from src\main\AndroidManifest.xml:74:9-79
	android:name
		ADDED from src\main\AndroidManifest.xml:74:19-76
activity#com.tiyujia.homesport.common.personal.activity.PersonalMsg
ADDED from src\main\AndroidManifest.xml:75:9-74
	android:name
		ADDED from src\main\AndroidManifest.xml:75:19-71
activity#com.tiyujia.homesport.common.personal.activity.PersonalLogin
ADDED from src\main\AndroidManifest.xml:76:9-76
	android:name
		ADDED from src\main\AndroidManifest.xml:76:19-73
activity#com.tiyujia.homesport.common.personal.activity.PersonalRegister
ADDED from src\main\AndroidManifest.xml:77:9-79
	android:name
		ADDED from src\main\AndroidManifest.xml:77:19-76
activity#com.tiyujia.homesport.common.personal.activity.PersonalForgetRegister
ADDED from src\main\AndroidManifest.xml:78:9-85
	android:name
		ADDED from src\main\AndroidManifest.xml:78:19-82
activity#com.tiyujia.homesport.common.community.activity.CommunityAddAttention
ADDED from src\main\AndroidManifest.xml:79:9-85
	android:name
		ADDED from src\main\AndroidManifest.xml:79:19-82
activity#com.tiyujia.homesport.common.community.activity.CommunityDynamicPublish
ADDED from src\main\AndroidManifest.xml:80:9-87
	android:name
		ADDED from src\main\AndroidManifest.xml:80:19-84
activity#com.tiyujia.homesport.common.community.activity.YWRecordVideoActivity
ADDED from src\main\AndroidManifest.xml:81:9-85
	android:name
		ADDED from src\main\AndroidManifest.xml:81:19-82
activity#com.tiyujia.homesport.common.community.activity.WidthMatchVideo
ADDED from src\main\AndroidManifest.xml:82:9-79
	android:name
		ADDED from src\main\AndroidManifest.xml:82:19-76
activity#com.tiyujia.homesport.common.community.activity.CityAddressSelect
ADDED from src\main\AndroidManifest.xml:83:9-81
	android:name
		ADDED from src\main\AndroidManifest.xml:83:19-78
activity#com.tiyujia.homesport.common.homepage.activity.HomePageVenueSurveyActivity
ADDED from src\main\AndroidManifest.xml:84:9-90
	android:name
		ADDED from src\main\AndroidManifest.xml:84:19-87
activity#com.tiyujia.homesport.common.homepage.activity.HomePageDateActivity
ADDED from src\main\AndroidManifest.xml:85:9-83
	android:name
		ADDED from src\main\AndroidManifest.xml:85:19-80
activity#com.tiyujia.homesport.common.homepage.activity.HomePageEquipmentActivity
ADDED from src\main\AndroidManifest.xml:86:9-88
	android:name
		ADDED from src\main\AndroidManifest.xml:86:19-85
activity#com.tiyujia.homesport.common.homepage.activity.HomePageCourseActivity
ADDED from src\main\AndroidManifest.xml:87:9-85
	android:name
		ADDED from src\main\AndroidManifest.xml:87:19-82
activity#com.tiyujia.homesport.common.homepage.activity.HomePageSearchResultActivity
ADDED from src\main\AndroidManifest.xml:88:9-90:58
	android:windowSoftInputMode
		ADDED from src\main\AndroidManifest.xml:90:13-55
	android:name
		ADDED from src\main\AndroidManifest.xml:89:13-82
activity#com.tiyujia.homesport.common.homepage.activity.HomePageActivePublishActivity
ADDED from src\main\AndroidManifest.xml:91:9-92
	android:name
		ADDED from src\main\AndroidManifest.xml:91:19-89
activity#com.tiyujia.homesport.common.homepage.activity.HomePageEquipmentShowActivity
ADDED from src\main\AndroidManifest.xml:92:9-92
	android:name
		ADDED from src\main\AndroidManifest.xml:92:19-89
activity#com.tiyujia.homesport.common.homepage.activity.HomePageArticleActivity
ADDED from src\main\AndroidManifest.xml:93:9-95:58
	android:windowSoftInputMode
		ADDED from src\main\AndroidManifest.xml:95:13-55
	android:name
		ADDED from src\main\AndroidManifest.xml:94:13-77
activity#com.tiyujia.homesport.common.homepage.activity.HomePageEquipmentInfo
ADDED from src\main\AndroidManifest.xml:96:9-97:57
	android:windowSoftInputMode
		ADDED from src\main\AndroidManifest.xml:97:13-55
	android:name
		ADDED from src\main\AndroidManifest.xml:96:19-81
activity#com.tiyujia.homesport.common.homepage.activity.HomePageDateInfo
ADDED from src\main\AndroidManifest.xml:98:9-99:57
	android:windowSoftInputMode
		ADDED from src\main\AndroidManifest.xml:99:13-55
	android:name
		ADDED from src\main\AndroidManifest.xml:98:19-76
activity#com.tiyujia.homesport.common.homepage.activity.CityMapActivity
ADDED from src\main\AndroidManifest.xml:100:9-78
	android:name
		ADDED from src\main\AndroidManifest.xml:100:19-75
activity#com.tiyujia.homesport.common.record.activity.RecordTopActivity
ADDED from src\main\AndroidManifest.xml:101:9-78
	android:name
		ADDED from src\main\AndroidManifest.xml:101:19-75
activity#com.tiyujia.homesport.common.record.activity.RecordTrackActivity
ADDED from src\main\AndroidManifest.xml:102:9-80
	android:name
		ADDED from src\main\AndroidManifest.xml:102:19-77
activity#com.tiyujia.homesport.common.record.activity.CityMapHistoryActivity
ADDED from src\main\AndroidManifest.xml:103:9-83
	android:name
		ADDED from src\main\AndroidManifest.xml:103:19-80
activity#com.lzy.imagepicker.ui.ImagePreviewDelActivity
ADDED from src\main\AndroidManifest.xml:104:9-83
	android:name
		ADDED from src\main\AndroidManifest.xml:104:19-80
activity#com.tiyujia.homesport.common.homepage.activity.HomePageSetCityActivity
ADDED from src\main\AndroidManifest.xml:105:9-86
	android:name
		ADDED from src\main\AndroidManifest.xml:105:19-83
activity#com.tiyujia.homesport.common.homepage.activity.HomePageWholeSearchActivity
ADDED from src\main\AndroidManifest.xml:106:9-90
	android:name
		ADDED from src\main\AndroidManifest.xml:106:19-87
activity#com.tiyujia.homesport.common.personal.activity.PersonalOtherHome
ADDED from src\main\AndroidManifest.xml:107:9-80
	android:name
		ADDED from src\main\AndroidManifest.xml:107:19-77
meta-data#com.google.android.gms.version
ADDED from src\main\AndroidManifest.xml:112:9-114:69
MERGED from [com.google.android.gms:play-services-basement:8.4.0] AndroidManifest.xml:21:9-23:69
	android:value
		ADDED from src\main\AndroidManifest.xml:114:13-66
	android:name
		ADDED from src\main\AndroidManifest.xml:113:13-58
activity#com.tiyujia.homesport.common.homepage.activity.MorePeopleGoneActivity
ADDED from src\main\AndroidManifest.xml:116:9-85
	android:name
		ADDED from src\main\AndroidManifest.xml:116:19-82
activity#com.tiyujia.homesport.common.community.activity.CommunityDynamicDetailActivity
ADDED from src\main\AndroidManifest.xml:117:9-118:57
	android:windowSoftInputMode
		ADDED from src\main\AndroidManifest.xml:118:13-55
	android:name
		ADDED from src\main\AndroidManifest.xml:117:19-91
activity#com.tiyujia.homesport.common.community.activity.CommunityMoreLoveActivity
ADDED from src\main\AndroidManifest.xml:119:9-98
	android:name
		ADDED from src\main\AndroidManifest.xml:119:19-86
uses-sdk
INJECTED from src\main\AndroidManifest.xml reason: use-sdk injection requested
MERGED from [com.android.support:multidex:1.0.1] AndroidManifest.xml:18:5-42
MERGED from [com.android.support:design:24.2.1] AndroidManifest.xml:20:5-43
MERGED from [com.android.support:recyclerview-v7:24.2.1] AndroidManifest.xml:20:5-43
MERGED from [com.android.support:cardview-v7:24.2.1] AndroidManifest.xml:20:5-43
MERGED from [com.lzy.widget:ninegridview:0.2.1] AndroidManifest.xml:7:5-9:41
MERGED from [com.w4lle.library:NineLayout:1.0.0] AndroidManifest.xml:7:5-9:41
MERGED from [com.bigkoo:convenientbanner:2.0.5] AndroidManifest.xml:7:5-44
MERGED from [io.reactivex:rxandroid:1.2.0] AndroidManifest.xml:19:5-43
MERGED from [de.hdodenhof:circleimageview:2.0.0] AndroidManifest.xml:5:5-7:41
MERGED from [com.makeramen:roundedimageview:2.2.1] AndroidManifest.xml:7:5-43
MERGED from [com.github.CymChad:BaseRecyclerViewAdapterHelper:v2.0.7] AndroidManifest.xml:7:5-9:41
MERGED from [HomeSport:okgo:unspecified] AndroidManifest.xml:7:5-9:41
MERGED from [HomeSport:imagepicker:unspecified] AndroidManifest.xml:7:5-9:41
MERGED from [com.github.chrisbanes.photoview:library:1.2.4] AndroidManifest.xml:7:5-9:41
MERGED from [HomeSport:picker:unspecified] AndroidManifest.xml:7:5-9:41
MERGED from [com.linsea:universalvideoview:1.1.0] AndroidManifest.xml:7:5-9:41
MERGED from [HomeSport:Addresslibrary:unspecified] AndroidManifest.xml:7:5-9:41
MERGED from [com.github.chihane:AndroidUtils:1.0.10] AndroidManifest.xml:7:5-9:41
MERGED from [com.github.Raizlabs.DBFlow:dbflow:3.0.0-beta6] AndroidManifest.xml:7:5-9:41
MERGED from [com.google.android.gms:play-services-appindexing:8.4.0] AndroidManifest.xml:18:5-42
MERGED from [com.google.android.gms:play-services-base:8.4.0] AndroidManifest.xml:18:5-42
MERGED from [com.google.android.gms:play-services-basement:8.4.0] AndroidManifest.xml:18:5-42
MERGED from [HomeSport:YunWangVideoSDK:unspecified] AndroidManifest.xml:7:5-9:41
MERGED from [HomeSport:image_zoom_drag_vp:unspecified] AndroidManifest.xml:7:5-9:41
MERGED from [com.android.support:appcompat-v7:24.2.1] AndroidManifest.xml:21:5-23:78
MERGED from [com.android.support:animated-vector-drawable:24.2.1] AndroidManifest.xml:20:5-44
MERGED from [com.android.support:support-vector-drawable:24.2.1] AndroidManifest.xml:21:5-43
MERGED from [com.android.support:support-v4:24.2.1] AndroidManifest.xml:21:5-23:54
MERGED from [com.android.support:support-fragment:24.2.1] AndroidManifest.xml:21:5-23:60
MERGED from [com.android.support:support-media-compat:24.2.1] AndroidManifest.xml:21:5-23:63
MERGED from [com.android.support:support-core-ui:24.2.1] AndroidManifest.xml:21:5-23:58
MERGED from [com.android.support:support-core-utils:24.2.1] AndroidManifest.xml:21:5-23:61
MERGED from [com.android.support:support-compat:24.2.1] AndroidManifest.xml:21:5-23:58
	tools:overrideLibrary
		ADDED from [com.android.support:appcompat-v7:24.2.1] AndroidManifest.xml:23:9-75
	android:targetSdkVersion
		INJECTED from src\main\AndroidManifest.xml
		INJECTED from src\main\AndroidManifest.xml
	android:minSdkVersion
		INJECTED from src\main\AndroidManifest.xml
		INJECTED from src\main\AndroidManifest.xml
activity#com.lzy.ninegrid.preview.ImagePreviewActivity
ADDED from [com.lzy.widget:ninegridview:0.2.1] AndroidManifest.xml:16:9-18:75
	android:theme
		ADDED from [com.lzy.widget:ninegridview:0.2.1] AndroidManifest.xml:18:13-72
	android:name
		ADDED from [com.lzy.widget:ninegridview:0.2.1] AndroidManifest.xml:17:13-73
activity#com.lzy.imagepicker.ui.ImageBaseActivity
ADDED from [HomeSport:imagepicker:unspecified] AndroidManifest.xml:21:9-77
	android:name
		ADDED from [HomeSport:imagepicker:unspecified] AndroidManifest.xml:21:19-74
activity#com.lzy.imagepicker.ui.ImageGridActivity
ADDED from [HomeSport:imagepicker:unspecified] AndroidManifest.xml:22:9-25:55
	android:configChanges
		ADDED from [HomeSport:imagepicker:unspecified] AndroidManifest.xml:24:13-59
	android:theme
		ADDED from [HomeSport:imagepicker:unspecified] AndroidManifest.xml:25:13-52
	android:name
		ADDED from [HomeSport:imagepicker:unspecified] AndroidManifest.xml:23:13-68
activity#com.lzy.imagepicker.ui.ImageCropActivity
ADDED from [HomeSport:imagepicker:unspecified] AndroidManifest.xml:26:9-30:55
	android:hardwareAccelerated
		ADDED from [HomeSport:imagepicker:unspecified] AndroidManifest.xml:29:13-48
	android:configChanges
		ADDED from [HomeSport:imagepicker:unspecified] AndroidManifest.xml:28:13-59
	android:theme
		ADDED from [HomeSport:imagepicker:unspecified] AndroidManifest.xml:30:13-52
	android:name
		ADDED from [HomeSport:imagepicker:unspecified] AndroidManifest.xml:27:13-68
activity#com.lzy.imagepicker.ui.ImagePreviewActivity
ADDED from [HomeSport:imagepicker:unspecified] AndroidManifest.xml:31:9-34:65
	android:configChanges
		ADDED from [HomeSport:imagepicker:unspecified] AndroidManifest.xml:33:13-59
	android:theme
		ADDED from [HomeSport:imagepicker:unspecified] AndroidManifest.xml:34:13-62
	android:name
		ADDED from [HomeSport:imagepicker:unspecified] AndroidManifest.xml:32:13-71
uses-feature#android.hardware.camera
ADDED from [HomeSport:YunWangVideoSDK:unspecified] AndroidManifest.xml:11:5-60
	android:name
		ADDED from [HomeSport:YunWangVideoSDK:unspecified] AndroidManifest.xml:11:19-57
uses-feature#android.hardware.camera.autofocus
ADDED from [HomeSport:YunWangVideoSDK:unspecified] AndroidManifest.xml:12:5-70
	android:name
		ADDED from [HomeSport:YunWangVideoSDK:unspecified] AndroidManifest.xml:12:19-67
uses-feature#android.hardware.camera.flash
ADDED from [HomeSport:YunWangVideoSDK:unspecified] AndroidManifest.xml:13:5-66
	android:name
		ADDED from [HomeSport:YunWangVideoSDK:unspecified] AndroidManifest.xml:13:19-63
uses-permission#android.permission.RECORD_VIDEO
ADDED from [HomeSport:YunWangVideoSDK:unspecified] AndroidManifest.xml:18:5-71
	android:name
		ADDED from [HomeSport:YunWangVideoSDK:unspecified] AndroidManifest.xml:18:22-68
uses-permission#android.permission.FLASHLIGHT
ADDED from [HomeSport:YunWangVideoSDK:unspecified] AndroidManifest.xml:20:5-69
	android:name
		ADDED from [HomeSport:YunWangVideoSDK:unspecified] AndroidManifest.xml:20:22-66
activity#com.taobao.TaoRecordVideoActivity
ADDED from [HomeSport:YunWangVideoSDK:unspecified] AndroidManifest.xml:29:9-34:20
	android:screenOrientation
		ADDED from [HomeSport:YunWangVideoSDK:unspecified] AndroidManifest.xml:32:13-49
	android:configChanges
		ADDED from [HomeSport:YunWangVideoSDK:unspecified] AndroidManifest.xml:31:13-63
	android:theme
		ADDED from [HomeSport:YunWangVideoSDK:unspecified] AndroidManifest.xml:33:13-60
	android:name
		ADDED from [HomeSport:YunWangVideoSDK:unspecified] AndroidManifest.xml:30:13-61
activity#com.taobao.TaoPlayRecordVideoActivity
ADDED from [HomeSport:YunWangVideoSDK:unspecified] AndroidManifest.xml:35:9-41:20
	android:screenOrientation
		ADDED from [HomeSport:YunWangVideoSDK:unspecified] AndroidManifest.xml:38:13-49
	android:windowSoftInputMode
		ADDED from [HomeSport:YunWangVideoSDK:unspecified] AndroidManifest.xml:40:13-73
	android:configChanges
		ADDED from [HomeSport:YunWangVideoSDK:unspecified] AndroidManifest.xml:37:13-63
	android:theme
		ADDED from [HomeSport:YunWangVideoSDK:unspecified] AndroidManifest.xml:39:13-60
	android:name
		ADDED from [HomeSport:YunWangVideoSDK:unspecified] AndroidManifest.xml:36:13-65
activity#com.taobao.URLDispatchActivity
ADDED from [HomeSport:YunWangVideoSDK:unspecified] AndroidManifest.xml:42:9-45:20
	android:theme
		ADDED from [HomeSport:YunWangVideoSDK:unspecified] AndroidManifest.xml:44:13-60
	android:name
		ADDED from [HomeSport:YunWangVideoSDK:unspecified] AndroidManifest.xml:43:13-58
activity#com.taobao.TaoVideoFilterActivity
ADDED from [HomeSport:YunWangVideoSDK:unspecified] AndroidManifest.xml:46:9-49:20
	android:theme
		ADDED from [HomeSport:YunWangVideoSDK:unspecified] AndroidManifest.xml:48:13-60
	android:name
		ADDED from [HomeSport:YunWangVideoSDK:unspecified] AndroidManifest.xml:47:13-61
activity#com.im.IMRecordVideoActivity
ADDED from [HomeSport:YunWangVideoSDK:unspecified] AndroidManifest.xml:50:9-80:20
	android:screenOrientation
		ADDED from [HomeSport:YunWangVideoSDK:unspecified] AndroidManifest.xml:53:13-49
	android:configChanges
		ADDED from [HomeSport:YunWangVideoSDK:unspecified] AndroidManifest.xml:52:13-63
	android:theme
		ADDED from [HomeSport:YunWangVideoSDK:unspecified] AndroidManifest.xml:54:13-60
	android:name
		ADDED from [HomeSport:YunWangVideoSDK:unspecified] AndroidManifest.xml:51:13-56
intent-filter#android.intent.action.VIEW+android.intent.category.BROWSABLE+android.intent.category.DEFAULT
ADDED from [HomeSport:YunWangVideoSDK:unspecified] AndroidManifest.xml:55:13-79:29
action#android.intent.action.VIEW
ADDED from [HomeSport:YunWangVideoSDK:unspecified] AndroidManifest.xml:56:17-69
	android:name
		ADDED from [HomeSport:YunWangVideoSDK:unspecified] AndroidManifest.xml:56:25-66
category#android.intent.category.DEFAULT
ADDED from [HomeSport:YunWangVideoSDK:unspecified] AndroidManifest.xml:58:17-76
	android:name
		ADDED from [HomeSport:YunWangVideoSDK:unspecified] AndroidManifest.xml:58:27-73
category#android.intent.category.BROWSABLE
ADDED from [HomeSport:YunWangVideoSDK:unspecified] AndroidManifest.xml:59:17-78
	android:name
		ADDED from [HomeSport:YunWangVideoSDK:unspecified] AndroidManifest.xml:59:27-75
data
ADDED from [HomeSport:YunWangVideoSDK:unspecified] AndroidManifest.xml:61:17-64:45
	android:path
		ADDED from [HomeSport:YunWangVideoSDK:unspecified] AndroidManifest.xml:63:21-55
	android:host
		ADDED from [HomeSport:YunWangVideoSDK:unspecified] AndroidManifest.xml:62:21-55
	android:scheme
		ADDED from [HomeSport:YunWangVideoSDK:unspecified] AndroidManifest.xml:64:21-42
activity#com.im.IMPlayRecordVideoActivity
ADDED from [HomeSport:YunWangVideoSDK:unspecified] AndroidManifest.xml:81:9-103:20
	android:screenOrientation
		ADDED from [HomeSport:YunWangVideoSDK:unspecified] AndroidManifest.xml:84:13-49
	android:windowSoftInputMode
		ADDED from [HomeSport:YunWangVideoSDK:unspecified] AndroidManifest.xml:86:13-73
	android:configChanges
		ADDED from [HomeSport:YunWangVideoSDK:unspecified] AndroidManifest.xml:83:13-63
	android:theme
		ADDED from [HomeSport:YunWangVideoSDK:unspecified] AndroidManifest.xml:85:13-60
	android:name
		ADDED from [HomeSport:YunWangVideoSDK:unspecified] AndroidManifest.xml:82:13-60
activity#com.ff.imagezoomdrag.ImageDetailActivity
ADDED from [HomeSport:image_zoom_drag_vp:unspecified] AndroidManifest.xml:14:9-17:74
	android:screenOrientation
		ADDED from [HomeSport:image_zoom_drag_vp:unspecified] AndroidManifest.xml:16:13-49
	android:theme
		ADDED from [HomeSport:image_zoom_drag_vp:unspecified] AndroidManifest.xml:17:13-71
	android:name
		ADDED from [HomeSport:image_zoom_drag_vp:unspecified] AndroidManifest.xml:15:13-68